# JRE version: OpenJDK Runtime Environment Microsoft-40648 (11.0.16.1+1) (build 11.0.16.1+1-LTS)
# Java VM: OpenJDK 64-Bit Server VM Microsoft-40648 (11.0.16.1+1-LTS, mixed mode, tiered, compressed oops, g1 gc, windows-amd64)
Heap:
 garbage-first heap   total 63488K, used 25561K [0x00000000c3200000, 0x0000000100000000)
  region size 1024K, 21 young (21504K), 4 survivors (4096K)
 Metaspace       used 26858K, capacity 27467K, committed 27644K, reserved 1073152K
  class space    used 2893K, capacity 3102K, committed 3148K, reserved 1048576K
GC Heap History (10 events):
Event: 7.262 GC heap before
{Heap before GC invocations=0 (full 0):
 garbage-first heap   total 63488K, used 13312K [0x00000000c3200000, 0x0000000100000000)
  region size 1024K, 14 young (14336K), 0 survivors (0K)
 Metaspace       used 11170K, capacity 11346K, committed 11648K, reserved 1060864K
  class space    used 1037K, capacity 1103K, committed 1152K, reserved 1048576K
}
Event: 7.271 GC heap after
{Heap after GC invocations=1 (full 0):
 garbage-first heap   total 63488K, used 3147K [0x00000000c3200000, 0x0000000100000000)
  region size 1024K, 2 young (2048K), 2 survivors (2048K)
 Metaspace       used 11170K, capacity 11346K, committed 11648K, reserved 1060864K
  class space    used 1037K, capacity 1103K, committed 1152K, reserved 1048576K
}
Event: 8.335 GC heap before
{Heap before GC invocations=1 (full 0):
 garbage-first heap   total 63488K, used 30795K [0x00000000c3200000, 0x0000000100000000)
  region size 1024K, 29 young (29696K), 2 survivors (2048K)
 Metaspace       used 14862K, capacity 15130K, committed 15232K, reserved 1062912K
  class space    used 1521K, capacity 1615K, committed 1664K, reserved 1048576K
}
Event: 8.341 GC heap after
{Heap after GC invocations=2 (full 0):
 garbage-first heap   total 63488K, used 4293K [0x00000000c3200000, 0x0000000100000000)
  region size 1024K, 4 young (4096K), 4 survivors (4096K)
 Metaspace       used 14862K, capacity 15130K, committed 15232K, reserved 1062912K
  class space    used 1521K, capacity 1615K, committed 1664K, reserved 1048576K
}
Event: 10.356 GC heap before
{Heap before GC invocations=2 (full 0):
 garbage-first heap   total 63488K, used 35013K [0x00000000c3200000, 0x0000000100000000)
  region size 1024K, 34 young (34816K), 4 survivors (4096K)
 Metaspace       used 19805K, capacity 20113K, committed 20224K, reserved 1067008K
  class space    used 2141K, capacity 2293K, committed 2304K, reserved 1048576K
}
Event: 10.367 GC heap after
{Heap after GC invocations=3 (full 0):
 garbage-first heap   total 63488K, used 6194K [0x00000000c3200000, 0x0000000100000000)
  region size 1024K, 3 young (3072K), 3 survivors (3072K)
 Metaspace       used 19805K, capacity 20113K, committed 20224K, reserved 1067008K
  class space    used 2141K, capacity 2293K, committed 2304K, reserved 1048576K
}
Event: 10.749 GC heap before
{Heap before GC invocations=3 (full 0):
 garbage-first heap   total 63488K, used 11314K [0x00000000c3200000, 0x0000000100000000)
  region size 1024K, 9 young (9216K), 3 survivors (3072K)
 Metaspace       used 20887K, capacity 21216K, committed 21296K, reserved 1069056K
  class space    used 2281K, capacity 2425K, committed 2432K, reserved 1048576K
}
Event: 10.759 GC heap after
{Heap after GC invocations=4 (full 0):
 garbage-first heap   total 63488K, used 6842K [0x00000000c3200000, 0x0000000100000000)
  region size 1024K, 3 young (3072K), 3 survivors (3072K)
 Metaspace       used 20887K, capacity 21216K, committed 21296K, reserved 1069056K
  class space    used 2281K, capacity 2425K, committed 2432K, reserved 1048576K
}
Event: 12.619 GC heap before
{Heap before GC invocations=5 (full 0):
 garbage-first heap   total 63488K, used 31418K [0x00000000c3200000, 0x0000000100000000)
  region size 1024K, 28 young (28672K), 3 survivors (3072K)
 Metaspace       used 23282K, capacity 23809K, committed 24188K, reserved 1071104K
  class space    used 2501K, capacity 2649K, committed 2764K, reserved 1048576K
}
Event: 12.634 GC heap after
{Heap after GC invocations=6 (full 0):
 garbage-first heap   total 63488K, used 10201K [0x00000000c3200000, 0x0000000100000000)
  region size 1024K, 4 young (4096K), 4 survivors (4096K)
 Metaspace       used 23282K, capacity 23809K, committed 24188K, reserved 1071104K
  class space    used 2501K, capacity 2649K, committed 2764K, reserved 1048576K
}

